<?xml version="1.0" encoding="UTF-8"?>
<coverage generated="1704234139167" clover="3.2.0">
  <project timestamp="1704234139167" name="All files">
    <metrics statements="67" coveredstatements="67" conditionals="12" coveredconditionals="12" methods="7" coveredmethods="7" elements="86" coveredelements="86" complexity="0" loc="67" ncloc="67" packages="1" files="1" classes="1"/>
    <file name="CurrencyConverter.jsx" path="/home/rafaelejosi/Projetos React/3_conversor_de_moedas/conversor/src/components/CurrencyConverter.jsx">
      <metrics statements="67" coveredstatements="67" conditionals="12" coveredconditionals="12" methods="7" coveredmethods="7"/>
      <line num="1" count="1" type="stmt"/>
      <line num="2" count="1" type="stmt"/>
      <line num="3" count="1" type="stmt"/>
      <line num="4" count="1" type="cond" truecount="1" falsecount="0"/>
      <line num="5" count="10" type="stmt"/>
      <line num="6" count="10" type="stmt"/>
      <line num="7" count="10" type="stmt"/>
      <line num="8" count="10" type="stmt"/>
      <line num="9" count="10" type="stmt"/>
      <line num="10" count="10" type="stmt"/>
      <line num="11" count="10" type="cond" truecount="1" falsecount="0"/>
      <line num="12" count="6" type="stmt"/>
      <line num="13" count="6" type="stmt"/>
      <line num="14" count="6" type="stmt"/>
      <line num="15" count="6" type="stmt"/>
      <line num="16" count="6" type="cond" truecount="1" falsecount="0"/>
      <line num="17" count="5" type="cond" truecount="1" falsecount="0"/>
      <line num="18" count="6" type="stmt"/>
      <line num="19" count="6" type="cond" truecount="1" falsecount="0"/>
      <line num="20" count="1" type="stmt"/>
      <line num="21" count="6" type="stmt"/>
      <line num="22" count="10" type="stmt"/>
      <line num="23" count="10" type="stmt"/>
      <line num="24" count="10" type="stmt"/>
      <line num="25" count="10" type="stmt"/>
      <line num="26" count="10" type="stmt"/>
      <line num="27" count="10" type="stmt"/>
      <line num="28" count="10" type="stmt"/>
      <line num="29" count="10" type="stmt"/>
      <line num="30" count="10" type="cond" truecount="1" falsecount="0"/>
      <line num="31" count="1" type="stmt"/>
      <line num="32" count="1" type="stmt"/>
      <line num="33" count="10" type="stmt"/>
      <line num="34" count="10" type="stmt"/>
      <line num="35" count="10" type="stmt"/>
      <line num="36" count="10" type="cond" truecount="1" falsecount="0"/>
      <line num="37" count="3" type="stmt"/>
      <line num="38" count="3" type="stmt"/>
      <line num="39" count="3" type="stmt"/>
      <line num="40" count="10" type="stmt"/>
      <line num="41" count="10" type="stmt"/>
      <line num="42" count="10" type="stmt"/>
      <line num="43" count="10" type="stmt"/>
      <line num="44" count="10" type="cond" truecount="1" falsecount="0"/>
      <line num="45" count="3" type="stmt"/>
      <line num="46" count="3" type="stmt"/>
      <line num="47" count="3" type="stmt"/>
      <line num="48" count="10" type="stmt"/>
      <line num="49" count="10" type="stmt"/>
      <line num="50" count="10" type="stmt"/>
      <line num="51" count="10" type="stmt"/>
      <line num="52" count="10" type="stmt"/>
      <line num="53" count="10" type="stmt"/>
      <line num="54" count="10" type="stmt"/>
      <line num="55" count="10" type="stmt"/>
      <line num="56" count="10" type="stmt"/>
      <line num="57" count="10" type="stmt"/>
      <line num="58" count="10" type="stmt"/>
      <line num="59" count="1" type="stmt"/>
      <line num="60" count="1" type="stmt"/>
      <line num="61" count="1" type="stmt"/>
      <line num="62" count="1" type="stmt"/>
      <line num="63" count="1" type="stmt"/>
      <line num="64" count="1" type="stmt"/>
      <line num="65" count="1" type="stmt"/>
      <line num="66" count="1" type="stmt"/>
      <line num="67" count="1" type="cond" truecount="4" falsecount="0"/>
    </file>
  </project>
</coverage>
