<?xml version="1.0" encoding="UTF-8"?>
<coverage generated="1704247894492" clover="3.2.0">
  <project timestamp="1704247894492" name="All files">
    <metrics statements="84" coveredstatements="84" conditionals="17" coveredconditionals="17" methods="9" coveredmethods="7" elements="110" coveredelements="108" complexity="0" loc="84" ncloc="84" packages="1" files="1" classes="1"/>
    <file name="CurrencyConverter.jsx" path="/home/rafaelejosi/Projetos React/3_conversor_de_moedas/conversor/src/components/CurrencyConverter.jsx">
      <metrics statements="84" coveredstatements="84" conditionals="17" coveredconditionals="17" methods="9" coveredmethods="7"/>
      <line num="1" count="1" type="stmt"/>
      <line num="2" count="1" type="stmt"/>
      <line num="3" count="1" type="stmt"/>
      <line num="4" count="1" type="cond" truecount="1" falsecount="0"/>
      <line num="5" count="36" type="stmt"/>
      <line num="6" count="36" type="stmt"/>
      <line num="7" count="36" type="stmt"/>
      <line num="8" count="36" type="stmt"/>
      <line num="9" count="36" type="stmt"/>
      <line num="10" count="36" type="stmt"/>
      <line num="11" count="36" type="cond" truecount="1" falsecount="0"/>
      <line num="12" count="12" type="stmt"/>
      <line num="13" count="12" type="stmt"/>
      <line num="14" count="12" type="stmt"/>
      <line num="15" count="12" type="stmt"/>
      <line num="16" count="12" type="cond" truecount="1" falsecount="0"/>
      <line num="17" count="11" type="stmt"/>
      <line num="18" count="12" type="stmt"/>
      <line num="19" count="12" type="cond" truecount="1" falsecount="0"/>
      <line num="20" count="1" type="stmt"/>
      <line num="21" count="12" type="stmt"/>
      <line num="22" count="36" type="stmt"/>
      <line num="23" count="36" type="stmt"/>
      <line num="24" count="36" type="cond" truecount="1" falsecount="0"/>
      <line num="25" count="18" type="cond" truecount="1" falsecount="0"/>
      <line num="26" count="17" type="cond" truecount="1" falsecount="0"/>
      <line num="27" count="17" type="cond" truecount="1" falsecount="0"/>
      <line num="28" count="17" type="stmt"/>
      <line num="29" count="17" type="stmt"/>
      <line num="30" count="36" type="stmt"/>
      <line num="31" count="36" type="cond" truecount="1" falsecount="0"/>
      <line num="32" count="1" type="stmt"/>
      <line num="33" count="1" type="cond" truecount="1" falsecount="0"/>
      <line num="34" count="34" type="stmt"/>
      <line num="35" count="34" type="stmt"/>
      <line num="36" count="34" type="stmt"/>
      <line num="37" count="34" type="stmt"/>
      <line num="38" count="34" type="stmt"/>
      <line num="39" count="34" type="stmt"/>
      <line num="40" count="34" type="stmt"/>
      <line num="41" count="34" type="cond" truecount="1" falsecount="0"/>
      <line num="42" count="1" type="stmt"/>
      <line num="43" count="1" type="stmt"/>
      <line num="44" count="34" type="stmt"/>
      <line num="45" count="34" type="stmt"/>
      <line num="46" count="34" type="stmt"/>
      <line num="47" count="34" type="stmt"/>
      <line num="48" count="34" type="stmt"/>
      <line num="49" count="34" type="stmt"/>
      <line num="50" count="34" type="cond" truecount="1" falsecount="0"/>
      <line num="51" count="24" type="stmt"/>
      <line num="52" count="24" type="stmt"/>
      <line num="53" count="24" type="stmt"/>
      <line num="54" count="34" type="stmt"/>
      <line num="55" count="34" type="stmt"/>
      <line num="56" count="34" type="stmt"/>
      <line num="57" count="34" type="stmt"/>
      <line num="58" count="34" type="stmt"/>
      <line num="59" count="34" type="stmt"/>
      <line num="60" count="34" type="stmt"/>
      <line num="61" count="34" type="cond" truecount="1" falsecount="0"/>
      <line num="62" count="24" type="stmt"/>
      <line num="63" count="24" type="stmt"/>
      <line num="64" count="24" type="stmt"/>
      <line num="65" count="34" type="stmt"/>
      <line num="66" count="34" type="stmt"/>
      <line num="67" count="34" type="stmt"/>
      <line num="68" count="34" type="stmt"/>
      <line num="69" count="34" type="stmt"/>
      <line num="70" count="34" type="stmt"/>
      <line num="71" count="34" type="stmt"/>
      <line num="72" count="34" type="stmt"/>
      <line num="73" count="34" type="stmt"/>
      <line num="74" count="34" type="stmt"/>
      <line num="75" count="34" type="stmt"/>
      <line num="76" count="1" type="stmt"/>
      <line num="77" count="1" type="stmt"/>
      <line num="78" count="1" type="stmt"/>
      <line num="79" count="1" type="stmt"/>
      <line num="80" count="1" type="stmt"/>
      <line num="81" count="1" type="stmt"/>
      <line num="82" count="1" type="stmt"/>
      <line num="83" count="1" type="stmt"/>
      <line num="84" count="1" type="cond" truecount="4" falsecount="0"/>
    </file>
  </project>
</coverage>
