{"/home/rafaelejosi/Projetos React/3_conversor_de_moedas/conversor/src/components/CurrencyConverter.jsx": {"path":"/home/rafaelejosi/Projetos React/3_conversor_de_moedas/conversor/src/components/CurrencyConverter.jsx","all":false,"statementMap":{"0":{"start":{"line":1,"column":0},"end":{"line":1,"column":32}},"1":{"start":{"line":2,"column":0},"end":{"line":2,"column":50}},"2":{"start":{"line":3,"column":0},"end":{"line":3,"column":25}},"3":{"start":{"line":4,"column":0},"end":{"line":4,"column":33}},"4":{"start":{"line":5,"column":0},"end":{"line":5,"column":40}},"5":{"start":{"line":6,"column":0},"end":{"line":6,"column":57}},"6":{"start":{"line":7,"column":0},"end":{"line":7,"column":53}},"7":{"start":{"line":8,"column":0},"end":{"line":8,"column":41}},"8":{"start":{"line":9,"column":0},"end":{"line":9,"column":62}},"9":{"start":{"line":10,"column":0},"end":{"line":10,"column":0}},"10":{"start":{"line":11,"column":0},"end":{"line":11,"column":19}},"11":{"start":{"line":12,"column":0},"end":{"line":12,"column":9}},"12":{"start":{"line":13,"column":0},"end":{"line":13,"column":11}},"13":{"start":{"line":14,"column":0},"end":{"line":14,"column":80}},"14":{"start":{"line":15,"column":0},"end":{"line":15,"column":7}},"15":{"start":{"line":16,"column":0},"end":{"line":16,"column":27}},"16":{"start":{"line":17,"column":0},"end":{"line":17,"column":118}},"17":{"start":{"line":18,"column":0},"end":{"line":18,"column":8}},"18":{"start":{"line":19,"column":0},"end":{"line":19,"column":25}},"19":{"start":{"line":20,"column":0},"end":{"line":20,"column":103}},"20":{"start":{"line":21,"column":0},"end":{"line":21,"column":8}},"21":{"start":{"line":22,"column":0},"end":{"line":22,"column":8}},"22":{"start":{"line":23,"column":0},"end":{"line":23,"column":0}},"23":{"start":{"line":24,"column":0},"end":{"line":24,"column":19}},"24":{"start":{"line":25,"column":0},"end":{"line":25,"column":16}},"25":{"start":{"line":26,"column":0},"end":{"line":26,"column":47}},"26":{"start":{"line":27,"column":0},"end":{"line":27,"column":43}},"27":{"start":{"line":28,"column":0},"end":{"line":28,"column":67}},"28":{"start":{"line":29,"column":0},"end":{"line":29,"column":5}},"29":{"start":{"line":30,"column":0},"end":{"line":30,"column":47}},"30":{"start":{"line":31,"column":0},"end":{"line":31,"column":15}},"31":{"start":{"line":32,"column":0},"end":{"line":32,"column":33}},"32":{"start":{"line":33,"column":0},"end":{"line":33,"column":3}},"33":{"start":{"line":34,"column":0},"end":{"line":34,"column":10}},"34":{"start":{"line":35,"column":0},"end":{"line":35,"column":31}},"35":{"start":{"line":36,"column":0},"end":{"line":36,"column":34}},"36":{"start":{"line":37,"column":0},"end":{"line":37,"column":12}},"37":{"start":{"line":38,"column":0},"end":{"line":38,"column":21}},"38":{"start":{"line":39,"column":0},"end":{"line":39,"column":39}},"39":{"start":{"line":40,"column":0},"end":{"line":40,"column":22}},"40":{"start":{"line":41,"column":0},"end":{"line":41,"column":26}},"41":{"start":{"line":42,"column":0},"end":{"line":42,"column":35}},"42":{"start":{"line":43,"column":0},"end":{"line":43,"column":10}},"43":{"start":{"line":44,"column":0},"end":{"line":44,"column":8}},"44":{"start":{"line":45,"column":0},"end":{"line":45,"column":38}},"45":{"start":{"line":46,"column":0},"end":{"line":46,"column":13}},"46":{"start":{"line":47,"column":0},"end":{"line":47,"column":28}},"47":{"start":{"line":48,"column":0},"end":{"line":48,"column":57}},"48":{"start":{"line":49,"column":0},"end":{"line":49,"column":7}},"49":{"start":{"line":50,"column":0},"end":{"line":50,"column":47}},"50":{"start":{"line":51,"column":0},"end":{"line":51,"column":50}},"51":{"start":{"line":52,"column":0},"end":{"line":52,"column":22}},"52":{"start":{"line":53,"column":0},"end":{"line":53,"column":19}},"53":{"start":{"line":54,"column":0},"end":{"line":54,"column":11}},"54":{"start":{"line":55,"column":0},"end":{"line":55,"column":15}},"55":{"start":{"line":56,"column":0},"end":{"line":56,"column":23}},"56":{"start":{"line":57,"column":0},"end":{"line":57,"column":13}},"57":{"start":{"line":58,"column":0},"end":{"line":58,"column":26}},"58":{"start":{"line":59,"column":0},"end":{"line":59,"column":55}},"59":{"start":{"line":60,"column":0},"end":{"line":60,"column":7}},"60":{"start":{"line":61,"column":0},"end":{"line":61,"column":47}},"61":{"start":{"line":62,"column":0},"end":{"line":62,"column":50}},"62":{"start":{"line":63,"column":0},"end":{"line":63,"column":22}},"63":{"start":{"line":64,"column":0},"end":{"line":64,"column":19}},"64":{"start":{"line":65,"column":0},"end":{"line":65,"column":11}},"65":{"start":{"line":66,"column":0},"end":{"line":66,"column":15}},"66":{"start":{"line":67,"column":0},"end":{"line":67,"column":10}},"67":{"start":{"line":68,"column":0},"end":{"line":68,"column":38}},"68":{"start":{"line":69,"column":0},"end":{"line":69,"column":11}},"69":{"start":{"line":70,"column":0},"end":{"line":70,"column":9}},"70":{"start":{"line":71,"column":0},"end":{"line":71,"column":68}},"71":{"start":{"line":72,"column":0},"end":{"line":72,"column":10}},"72":{"start":{"line":73,"column":0},"end":{"line":73,"column":10}},"73":{"start":{"line":74,"column":0},"end":{"line":74,"column":3}},"74":{"start":{"line":75,"column":0},"end":{"line":75,"column":1}},"75":{"start":{"line":76,"column":0},"end":{"line":76,"column":0}},"76":{"start":{"line":77,"column":0},"end":{"line":77,"column":32}},"77":{"start":{"line":78,"column":0},"end":{"line":78,"column":0}},"78":{"start":{"line":79,"column":0},"end":{"line":79,"column":0}},"79":{"start":{"line":80,"column":0},"end":{"line":80,"column":0}},"80":{"start":{"line":81,"column":0},"end":{"line":81,"column":0}},"81":{"start":{"line":82,"column":0},"end":{"line":82,"column":0}},"82":{"start":{"line":83,"column":0},"end":{"line":83,"column":0}},"83":{"start":{"line":84,"column":0},"end":{"line":84,"column":38020}}},"s":{"0":1,"1":1,"2":1,"3":1,"4":36,"5":36,"6":36,"7":36,"8":36,"9":36,"10":36,"11":12,"12":12,"13":12,"14":12,"15":12,"16":11,"17":12,"18":12,"19":1,"20":12,"21":36,"22":36,"23":36,"24":18,"25":17,"26":17,"27":17,"28":17,"29":36,"30":36,"31":1,"32":1,"33":34,"34":34,"35":34,"36":34,"37":34,"38":34,"39":34,"40":34,"41":1,"42":1,"43":34,"44":34,"45":34,"46":34,"47":34,"48":34,"49":34,"50":24,"51":24,"52":24,"53":34,"54":34,"55":34,"56":34,"57":34,"58":34,"59":34,"60":34,"61":24,"62":24,"63":24,"64":34,"65":34,"66":34,"67":34,"68":34,"69":34,"70":34,"71":34,"72":34,"73":34,"74":34,"75":1,"76":1,"77":1,"78":1,"79":1,"80":1,"81":1,"82":1,"83":1},"branchMap":{"0":{"type":"branch","line":4,"loc":{"start":{"line":4,"column":26},"end":{"line":75,"column":1}},"locations":[{"start":{"line":4,"column":26},"end":{"line":75,"column":1}}]},"1":{"type":"branch","line":31,"loc":{"start":{"line":31,"column":14},"end":{"line":33,"column":3}},"locations":[{"start":{"line":31,"column":14},"end":{"line":33,"column":3}}]},"2":{"type":"branch","line":33,"loc":{"start":{"line":33,"column":2},"end":{"line":75,"column":1}},"locations":[{"start":{"line":33,"column":2},"end":{"line":75,"column":1}}]},"3":{"type":"branch","line":11,"loc":{"start":{"line":11,"column":12},"end":{"line":22,"column":3}},"locations":[{"start":{"line":11,"column":12},"end":{"line":22,"column":3}}]},"4":{"type":"branch","line":16,"loc":{"start":{"line":16,"column":13},"end":{"line":18,"column":7}},"locations":[{"start":{"line":16,"column":13},"end":{"line":18,"column":7}}]},"5":{"type":"branch","line":19,"loc":{"start":{"line":19,"column":14},"end":{"line":21,"column":7}},"locations":[{"start":{"line":19,"column":14},"end":{"line":21,"column":7}}]},"6":{"type":"branch","line":24,"loc":{"start":{"line":24,"column":12},"end":{"line":30,"column":3}},"locations":[{"start":{"line":24,"column":12},"end":{"line":30,"column":3}}]},"7":{"type":"branch","line":25,"loc":{"start":{"line":25,"column":15},"end":{"line":29,"column":5}},"locations":[{"start":{"line":25,"column":15},"end":{"line":29,"column":5}}]},"8":{"type":"branch","line":26,"loc":{"start":{"line":26,"column":42},"end":{"line":26,"column":47}},"locations":[{"start":{"line":26,"column":42},"end":{"line":26,"column":47}}]},"9":{"type":"branch","line":27,"loc":{"start":{"line":27,"column":38},"end":{"line":27,"column":43}},"locations":[{"start":{"line":27,"column":38},"end":{"line":27,"column":43}}]},"10":{"type":"branch","line":41,"loc":{"start":{"line":41,"column":19},"end":{"line":43,"column":10}},"locations":[{"start":{"line":41,"column":19},"end":{"line":43,"column":10}}]},"11":{"type":"branch","line":50,"loc":{"start":{"line":50,"column":33},"end":{"line":53,"column":19}},"locations":[{"start":{"line":50,"column":33},"end":{"line":53,"column":19}}]},"12":{"type":"branch","line":61,"loc":{"start":{"line":61,"column":33},"end":{"line":64,"column":19}},"locations":[{"start":{"line":61,"column":33},"end":{"line":64,"column":19}}]},"13":{"type":"branch","line":84,"loc":{"start":{"line":84,"column":68},"end":{"line":84,"column":37383}},"locations":[{"start":{"line":84,"column":68},"end":{"line":84,"column":37383}}]},"14":{"type":"branch","line":84,"loc":{"start":{"line":84,"column":37372},"end":{"line":84,"column":37382}},"locations":[{"start":{"line":84,"column":37372},"end":{"line":84,"column":37382}}]},"15":{"type":"branch","line":84,"loc":{"start":{"line":84,"column":37410},"end":{"line":84,"column":37483}},"locations":[{"start":{"line":84,"column":37410},"end":{"line":84,"column":37483}}]},"16":{"type":"branch","line":84,"loc":{"start":{"line":84,"column":37463},"end":{"line":84,"column":37474}},"locations":[{"start":{"line":84,"column":37463},"end":{"line":84,"column":37474}}]}},"b":{"0":[36],"1":[1],"2":[34],"3":[12],"4":[11],"5":[1],"6":[18],"7":[17],"8":[13],"9":[13],"10":[1],"11":[24],"12":[24],"13":[1],"14":[1],"15":[1],"16":[1]},"fnMap":{"0":{"name":"CurrencyConverter","decl":{"start":{"line":4,"column":26},"end":{"line":75,"column":1}},"loc":{"start":{"line":4,"column":26},"end":{"line":75,"column":1}},"line":4},"1":{"name":"onChange","decl":{"start":{"line":41,"column":19},"end":{"line":43,"column":10}},"loc":{"start":{"line":41,"column":19},"end":{"line":43,"column":10}},"line":41},"2":{"name":"onChange","decl":{"start":{"line":48,"column":19},"end":{"line":48,"column":57}},"loc":{"start":{"line":48,"column":19},"end":{"line":48,"column":57}},"line":48},"3":{"name":"onChange","decl":{"start":{"line":59,"column":19},"end":{"line":59,"column":55}},"loc":{"start":{"line":59,"column":19},"end":{"line":59,"column":55}},"line":59},"4":{"name":"oo_cm","decl":{"start":{"line":84,"column":68},"end":{"line":84,"column":37383}},"loc":{"start":{"line":84,"column":68},"end":{"line":84,"column":37383}},"line":84},"5":{"name":"oo_oo","decl":{"start":{"line":84,"column":37410},"end":{"line":84,"column":37483}},"loc":{"start":{"line":84,"column":37410},"end":{"line":84,"column":37483}},"line":84},"6":{"name":"oo_tr","decl":{"start":{"line":84,"column":37510},"end":{"line":84,"column":37585}},"loc":{"start":{"line":84,"column":37510},"end":{"line":84,"column":37585}},"line":84},"7":{"name":"oo_ts","decl":{"start":{"line":84,"column":37612},"end":{"line":84,"column":37667}},"loc":{"start":{"line":84,"column":37612},"end":{"line":84,"column":37667}},"line":84},"8":{"name":"oo_te","decl":{"start":{"line":84,"column":37694},"end":{"line":84,"column":37752}},"loc":{"start":{"line":84,"column":37694},"end":{"line":84,"column":37752}},"line":84}},"f":{"0":36,"1":1,"2":0,"3":0,"4":1,"5":1,"6":1,"7":1,"8":1}}
}
