{"/home/rafaelejosi/Projetos React/3_conversor_de_moedas/conversor/src/components/CurrencyConverter.jsx": {"path":"/home/rafaelejosi/Projetos React/3_conversor_de_moedas/conversor/src/components/CurrencyConverter.jsx","all":false,"statementMap":{"0":{"start":{"line":1,"column":0},"end":{"line":1,"column":32}},"1":{"start":{"line":2,"column":0},"end":{"line":2,"column":50}},"2":{"start":{"line":3,"column":0},"end":{"line":3,"column":25}},"3":{"start":{"line":4,"column":0},"end":{"line":4,"column":33}},"4":{"start":{"line":5,"column":0},"end":{"line":5,"column":40}},"5":{"start":{"line":6,"column":0},"end":{"line":6,"column":57}},"6":{"start":{"line":7,"column":0},"end":{"line":7,"column":53}},"7":{"start":{"line":8,"column":0},"end":{"line":8,"column":41}},"8":{"start":{"line":9,"column":0},"end":{"line":9,"column":62}},"9":{"start":{"line":10,"column":0},"end":{"line":10,"column":0}},"10":{"start":{"line":11,"column":0},"end":{"line":11,"column":19}},"11":{"start":{"line":12,"column":0},"end":{"line":12,"column":9}},"12":{"start":{"line":13,"column":0},"end":{"line":13,"column":11}},"13":{"start":{"line":14,"column":0},"end":{"line":14,"column":80}},"14":{"start":{"line":15,"column":0},"end":{"line":15,"column":7}},"15":{"start":{"line":16,"column":0},"end":{"line":16,"column":27}},"16":{"start":{"line":17,"column":0},"end":{"line":17,"column":124}},"17":{"start":{"line":18,"column":0},"end":{"line":18,"column":8}},"18":{"start":{"line":19,"column":0},"end":{"line":19,"column":25}},"19":{"start":{"line":20,"column":0},"end":{"line":20,"column":103}},"20":{"start":{"line":21,"column":0},"end":{"line":21,"column":8}},"21":{"start":{"line":22,"column":0},"end":{"line":22,"column":8}},"22":{"start":{"line":23,"column":0},"end":{"line":23,"column":10}},"23":{"start":{"line":24,"column":0},"end":{"line":24,"column":31}},"24":{"start":{"line":25,"column":0},"end":{"line":25,"column":34}},"25":{"start":{"line":26,"column":0},"end":{"line":26,"column":12}},"26":{"start":{"line":27,"column":0},"end":{"line":27,"column":21}},"27":{"start":{"line":28,"column":0},"end":{"line":28,"column":39}},"28":{"start":{"line":29,"column":0},"end":{"line":29,"column":22}},"29":{"start":{"line":30,"column":0},"end":{"line":30,"column":26}},"30":{"start":{"line":31,"column":0},"end":{"line":31,"column":35}},"31":{"start":{"line":32,"column":0},"end":{"line":32,"column":10}},"32":{"start":{"line":33,"column":0},"end":{"line":33,"column":8}},"33":{"start":{"line":34,"column":0},"end":{"line":34,"column":38}},"34":{"start":{"line":35,"column":0},"end":{"line":35,"column":35}},"35":{"start":{"line":36,"column":0},"end":{"line":36,"column":47}},"36":{"start":{"line":37,"column":0},"end":{"line":37,"column":50}},"37":{"start":{"line":38,"column":0},"end":{"line":38,"column":22}},"38":{"start":{"line":39,"column":0},"end":{"line":39,"column":19}},"39":{"start":{"line":40,"column":0},"end":{"line":40,"column":11}},"40":{"start":{"line":41,"column":0},"end":{"line":41,"column":15}},"41":{"start":{"line":42,"column":0},"end":{"line":42,"column":23}},"42":{"start":{"line":43,"column":0},"end":{"line":43,"column":33}},"43":{"start":{"line":44,"column":0},"end":{"line":44,"column":47}},"44":{"start":{"line":45,"column":0},"end":{"line":45,"column":50}},"45":{"start":{"line":46,"column":0},"end":{"line":46,"column":22}},"46":{"start":{"line":47,"column":0},"end":{"line":47,"column":19}},"47":{"start":{"line":48,"column":0},"end":{"line":48,"column":11}},"48":{"start":{"line":49,"column":0},"end":{"line":49,"column":15}},"49":{"start":{"line":50,"column":0},"end":{"line":50,"column":10}},"50":{"start":{"line":51,"column":0},"end":{"line":51,"column":38}},"51":{"start":{"line":52,"column":0},"end":{"line":52,"column":11}},"52":{"start":{"line":53,"column":0},"end":{"line":53,"column":9}},"53":{"start":{"line":54,"column":0},"end":{"line":54,"column":68}},"54":{"start":{"line":55,"column":0},"end":{"line":55,"column":10}},"55":{"start":{"line":56,"column":0},"end":{"line":56,"column":10}},"56":{"start":{"line":57,"column":0},"end":{"line":57,"column":3}},"57":{"start":{"line":58,"column":0},"end":{"line":58,"column":1}},"58":{"start":{"line":59,"column":0},"end":{"line":59,"column":0}},"59":{"start":{"line":60,"column":0},"end":{"line":60,"column":32}},"60":{"start":{"line":61,"column":0},"end":{"line":61,"column":0}},"61":{"start":{"line":62,"column":0},"end":{"line":62,"column":0}},"62":{"start":{"line":63,"column":0},"end":{"line":63,"column":0}},"63":{"start":{"line":64,"column":0},"end":{"line":64,"column":0}},"64":{"start":{"line":65,"column":0},"end":{"line":65,"column":0}},"65":{"start":{"line":66,"column":0},"end":{"line":66,"column":0}},"66":{"start":{"line":67,"column":0},"end":{"line":67,"column":38020}}},"s":{"0":1,"1":1,"2":1,"3":1,"4":10,"5":10,"6":10,"7":10,"8":10,"9":10,"10":10,"11":6,"12":6,"13":6,"14":6,"15":6,"16":5,"17":6,"18":6,"19":1,"20":6,"21":10,"22":10,"23":10,"24":10,"25":10,"26":10,"27":10,"28":10,"29":10,"30":1,"31":1,"32":10,"33":10,"34":10,"35":10,"36":3,"37":3,"38":3,"39":10,"40":10,"41":10,"42":10,"43":10,"44":3,"45":3,"46":3,"47":10,"48":10,"49":10,"50":10,"51":10,"52":10,"53":10,"54":10,"55":10,"56":10,"57":10,"58":1,"59":1,"60":1,"61":1,"62":1,"63":1,"64":1,"65":1,"66":1},"branchMap":{"0":{"type":"branch","line":4,"loc":{"start":{"line":4,"column":26},"end":{"line":58,"column":1}},"locations":[{"start":{"line":4,"column":26},"end":{"line":58,"column":1}}]},"1":{"type":"branch","line":11,"loc":{"start":{"line":11,"column":12},"end":{"line":22,"column":3}},"locations":[{"start":{"line":11,"column":12},"end":{"line":22,"column":3}}]},"2":{"type":"branch","line":16,"loc":{"start":{"line":16,"column":13},"end":{"line":18,"column":7}},"locations":[{"start":{"line":16,"column":13},"end":{"line":18,"column":7}}]},"3":{"type":"branch","line":17,"loc":{"start":{"line":17,"column":47},"end":{"line":17,"column":53}},"locations":[{"start":{"line":17,"column":47},"end":{"line":17,"column":53}}]},"4":{"type":"branch","line":19,"loc":{"start":{"line":19,"column":14},"end":{"line":21,"column":7}},"locations":[{"start":{"line":19,"column":14},"end":{"line":21,"column":7}}]},"5":{"type":"branch","line":30,"loc":{"start":{"line":30,"column":19},"end":{"line":32,"column":10}},"locations":[{"start":{"line":30,"column":19},"end":{"line":32,"column":10}}]},"6":{"type":"branch","line":36,"loc":{"start":{"line":36,"column":33},"end":{"line":39,"column":19}},"locations":[{"start":{"line":36,"column":33},"end":{"line":39,"column":19}}]},"7":{"type":"branch","line":44,"loc":{"start":{"line":44,"column":33},"end":{"line":47,"column":19}},"locations":[{"start":{"line":44,"column":33},"end":{"line":47,"column":19}}]},"8":{"type":"branch","line":67,"loc":{"start":{"line":67,"column":68},"end":{"line":67,"column":37383}},"locations":[{"start":{"line":67,"column":68},"end":{"line":67,"column":37383}}]},"9":{"type":"branch","line":67,"loc":{"start":{"line":67,"column":37372},"end":{"line":67,"column":37382}},"locations":[{"start":{"line":67,"column":37372},"end":{"line":67,"column":37382}}]},"10":{"type":"branch","line":67,"loc":{"start":{"line":67,"column":37410},"end":{"line":67,"column":37483}},"locations":[{"start":{"line":67,"column":37410},"end":{"line":67,"column":37483}}]},"11":{"type":"branch","line":67,"loc":{"start":{"line":67,"column":37463},"end":{"line":67,"column":37474}},"locations":[{"start":{"line":67,"column":37463},"end":{"line":67,"column":37474}}]}},"b":{"0":[10],"1":[6],"2":[5],"3":[1],"4":[1],"5":[1],"6":[3],"7":[3],"8":[1],"9":[1],"10":[1],"11":[1]},"fnMap":{"0":{"name":"CurrencyConverter","decl":{"start":{"line":4,"column":26},"end":{"line":58,"column":1}},"loc":{"start":{"line":4,"column":26},"end":{"line":58,"column":1}},"line":4},"1":{"name":"onChange","decl":{"start":{"line":30,"column":19},"end":{"line":32,"column":10}},"loc":{"start":{"line":30,"column":19},"end":{"line":32,"column":10}},"line":30},"2":{"name":"oo_cm","decl":{"start":{"line":67,"column":68},"end":{"line":67,"column":37383}},"loc":{"start":{"line":67,"column":68},"end":{"line":67,"column":37383}},"line":67},"3":{"name":"oo_oo","decl":{"start":{"line":67,"column":37410},"end":{"line":67,"column":37483}},"loc":{"start":{"line":67,"column":37410},"end":{"line":67,"column":37483}},"line":67},"4":{"name":"oo_tr","decl":{"start":{"line":67,"column":37510},"end":{"line":67,"column":37585}},"loc":{"start":{"line":67,"column":37510},"end":{"line":67,"column":37585}},"line":67},"5":{"name":"oo_ts","decl":{"start":{"line":67,"column":37612},"end":{"line":67,"column":37667}},"loc":{"start":{"line":67,"column":37612},"end":{"line":67,"column":37667}},"line":67},"6":{"name":"oo_te","decl":{"start":{"line":67,"column":37694},"end":{"line":67,"column":37752}},"loc":{"start":{"line":67,"column":37694},"end":{"line":67,"column":37752}},"line":67}},"f":{"0":10,"1":1,"2":1,"3":1,"4":1,"5":1,"6":1}}
}
