TN:
SF:src/components/CurrencyConverter.jsx
FN:4,CurrencyConverter
FN:30,onChange
FN:67,oo_cm
FN:67,oo_oo
FN:67,oo_tr
FN:67,oo_ts
FN:67,oo_te
FNF:7
FNH:7
FNDA:10,CurrencyConverter
FNDA:1,onChange
FNDA:1,oo_cm
FNDA:1,oo_oo
FNDA:1,oo_tr
FNDA:1,oo_ts
FNDA:1,oo_te
DA:1,1
DA:2,1
DA:3,1
DA:4,1
DA:5,10
DA:6,10
DA:7,10
DA:8,10
DA:9,10
DA:10,10
DA:11,10
DA:12,6
DA:13,6
DA:14,6
DA:15,6
DA:16,6
DA:17,5
DA:18,6
DA:19,6
DA:20,1
DA:21,6
DA:22,10
DA:23,10
DA:24,10
DA:25,10
DA:26,10
DA:27,10
DA:28,10
DA:29,10
DA:30,10
DA:31,1
DA:32,1
DA:33,10
DA:34,10
DA:35,10
DA:36,10
DA:37,3
DA:38,3
DA:39,3
DA:40,10
DA:41,10
DA:42,10
DA:43,10
DA:44,10
DA:45,3
DA:46,3
DA:47,3
DA:48,10
DA:49,10
DA:50,10
DA:51,10
DA:52,10
DA:53,10
DA:54,10
DA:55,10
DA:56,10
DA:57,10
DA:58,10
DA:59,1
DA:60,1
DA:61,1
DA:62,1
DA:63,1
DA:64,1
DA:65,1
DA:66,1
DA:67,1
LF:67
LH:67
BRDA:4,0,0,10
BRDA:11,1,0,6
BRDA:16,2,0,5
BRDA:17,3,0,1
BRDA:19,4,0,1
BRDA:30,5,0,1
BRDA:36,6,0,3
BRDA:44,7,0,3
BRDA:67,8,0,1
BRDA:67,9,0,1
BRDA:67,10,0,1
BRDA:67,11,0,1
BRF:12
BRH:12
end_of_record
