TN:
SF:src/components/CurrencyConverter.jsx
FN:4,CurrencyConverter
FN:41,onChange
FN:48,onChange
FN:59,onChange
FN:84,oo_cm
FN:84,oo_oo
FN:84,oo_tr
FN:84,oo_ts
FN:84,oo_te
FNF:9
FNH:7
FNDA:36,CurrencyConverter
FNDA:1,onChange
FNDA:0,onChange
FNDA:0,onChange
FNDA:1,oo_cm
FNDA:1,oo_oo
FNDA:1,oo_tr
FNDA:1,oo_ts
FNDA:1,oo_te
DA:1,1
DA:2,1
DA:3,1
DA:4,1
DA:5,36
DA:6,36
DA:7,36
DA:8,36
DA:9,36
DA:10,36
DA:11,36
DA:12,12
DA:13,12
DA:14,12
DA:15,12
DA:16,12
DA:17,11
DA:18,12
DA:19,12
DA:20,1
DA:21,12
DA:22,36
DA:23,36
DA:24,36
DA:25,18
DA:26,17
DA:27,17
DA:28,17
DA:29,17
DA:30,36
DA:31,36
DA:32,1
DA:33,1
DA:34,34
DA:35,34
DA:36,34
DA:37,34
DA:38,34
DA:39,34
DA:40,34
DA:41,34
DA:42,1
DA:43,1
DA:44,34
DA:45,34
DA:46,34
DA:47,34
DA:48,34
DA:49,34
DA:50,34
DA:51,24
DA:52,24
DA:53,24
DA:54,34
DA:55,34
DA:56,34
DA:57,34
DA:58,34
DA:59,34
DA:60,34
DA:61,34
DA:62,24
DA:63,24
DA:64,24
DA:65,34
DA:66,34
DA:67,34
DA:68,34
DA:69,34
DA:70,34
DA:71,34
DA:72,34
DA:73,34
DA:74,34
DA:75,34
DA:76,1
DA:77,1
DA:78,1
DA:79,1
DA:80,1
DA:81,1
DA:82,1
DA:83,1
DA:84,1
LF:84
LH:84
BRDA:4,0,0,36
BRDA:31,1,0,1
BRDA:33,2,0,34
BRDA:11,3,0,12
BRDA:16,4,0,11
BRDA:19,5,0,1
BRDA:24,6,0,18
BRDA:25,7,0,17
BRDA:26,8,0,13
BRDA:27,9,0,13
BRDA:41,10,0,1
BRDA:50,11,0,24
BRDA:61,12,0,24
BRDA:84,13,0,1
BRDA:84,14,0,1
BRDA:84,15,0,1
BRDA:84,16,0,1
BRF:17
BRH:17
end_of_record
